<?xml version="1.0" encoding="UTF-8"?>
<!-- Generated by org.testng.reporters.JUnitXMLReporter -->
<testsuite hostname="DESKTOP-M9TKH38" failures="1" tests="1" name="Default test(failed)" time="14.824" errors="0" timestamp="21 May 2024 04:39:11 GMT">
  <testcase classname="asser.InvoviceTest" name="createInvoice" time="0.083">
    <failure type="java.lang.AssertionError" message="expected [logo] but found [Administrator - Home - vtiger CRM 5 - Commercial Open Source CRM]">
      <![CDATA[java.lang.AssertionError: expected [logo] but found [Administrator - Home - vtiger CRM 5 - Commercial Open Source CRM]
	at asser.InvoviceTest.createInvoice(InvoviceTest.java:16)
... Removed 29 stack frames]]>
    </failure>
  </testcase> <!-- createInvoice -->
</testsuite> <!-- Default test(failed) -->
