<?xml version="1.0" encoding="UTF-8"?>
<testng-results total="1" passed="1" failed="0" skipped="0">
  <reporter-output>
  </reporter-output>
  <suite started-at="2024-05-08T10:52:02Z" name="Surefire suite" finished-at="2024-05-08T10:52:02Z" duration-ms="45">
    <groups>
    </groups>
    <test started-at="2024-05-08T10:52:02Z" name="Surefire test" finished-at="2024-05-08T10:52:02Z" duration-ms="45">
      <class name="practices.Demo">
        <test-method signature="create()[pri:0, instance:practices.Demo@64d7f7e0]" started-at="2024-05-08T16:22:02Z" name="create" finished-at="2024-05-08T16:22:02Z" duration-ms="23" status="PASS">
          <reporter-output>
          </reporter-output>
        </test-method> <!-- create -->
      </class> <!-- practices.Demo -->
    </test> <!-- Surefire test -->
  </suite> <!-- Surefire suite -->
</testng-results>
